2020-09-04 00:23:00,265{GMT}	INFO	[jepsen test runner] jepsen.core: Running test:
 {:clients-per-key 5,
 :remote {:session nil},
 :read-concern :majority,
 :concurrency 100,
 :protocol-version 1,
 :db
 #object[jepsen.mongodb.sharded$db$reify__463 0x57e388c3 "jepsen.mongodb.sharded$db$reify__463@57e388c3"],
 :working-dir "/opt/mongodb",
 :leave-db-running? true,
 :name
 "mongo-causal-register-wc-:majority-rc-:majority-ti-180-sd-2-cry-100-wn-200-rn-200-cpk-5-node-failure",
 :write-concern :majority,
 :start-time
 #object[org.joda.time.DateTime 0x4570d7b6 "2020-09-04T00:23:00.000+08:00"],
 :username "mongodb",
 :net
 #object[jepsen.net$reify__5424 0x7e4579c7 "jepsen.net$reify__5424@7e4579c7"],
 :client
 {:db-name "jepsen",
  :coll-name "causal-register",
  :read-concern :majority,
  :write-concern :majority,
  :secondary-ok? nil,
  :client nil,
  :coll nil,
  :session nil,
  :last-optime nil},
 :read-counts 200,
 :barrier
 #object[java.util.concurrent.CyclicBarrier 0x4dc7cd1c "java.util.concurrent.CyclicBarrier@4dc7cd1c"],
 :virt :vm,
 :ssh
 {:username "root",
  :password "XR.123456",
  :strict-host-key-checking false,
  :private-key-path nil},
 :shard-count 2,
 :checker
 #object[jepsen.checker$compose$reify__4964 0x62cba181 "jepsen.checker$compose$reify__4964@62cba181"],
 :nemesis
 #object[jepsen.nemesis$reify__5525 0x2bc7db89 "jepsen.nemesis$reify__5525@2bc7db89"],
 :bridge
 {"120.55.194.98" "120.55.194.98:27117",
  "120.55.192.167" "120.55.192.167:27117",
  "47.97.201.212" "47.97.201.212:27117"},
 :active-histories #<Atom@2b4d4327: #{}>,
 :nodes ["120.55.194.98" "120.55.192.167" "47.97.201.212"],
 :test-count 1,
 :generator
 (gen/timelimit 180 (gen/concat [(gen/on #{:nemesis} (gen/seqone ((gen/delayfn #object[clojure.core$constantly$fn__5657 0x1e7f19b4 "clojure.core$constantly$fn__5657@1e7f19b4"] (gen/gvoid)) (gen/delayfn #object[clojure.core$constantly$fn__5657 0x1e7f19b4 "clojure.core$constantly$fn__5657@1e7f19b4"] (gen/gvoid)) (gen/delayfn #object[clojure.core$constantly$fn__5657 0x1e7f19b4 "clojure.core$constantly$fn__5657@1e7f19b4"] (gen/gvoid)) (gen/delayfn #object[clojure.core$constantly$fn__5657 0x1e7f19b4 "clojure.core$constantly$fn__5657@1e7f19b4"] (gen/gvoid)) (gen/delayfn #object[clojure.core$constantly$fn__5657 0x1e7f19b4 "clojure.core$constantly$fn__5657@1e7f19b4"] (gen/gvoid)) (gen/delayfn #object[clojure.core$constantly$fn__5657 0x1e7f19b4 "clojure.core$constantly$fn__5657@1e7f19b4"] (gen/gvoid)) (gen/delayfn #object[clojure.core$constantly$fn__5657 0x1e7f19b4 "clojure.core$constantly$fn__5657@1e7f19b4"] (gen/gvoid)) (gen/delayfn #object[clojure.core$constantly$fn__5657 0x1e7f19b4 "clojure.core$constantly$fn__5657@1e7f19b4"] (gen/gvoid))))) (gen/on #object[clojure.core$complement$fn__5654 0x4346808 "clojure.core$complement$fn__5654@4346808"] (gen/delayfn #object[clojure.core$partial$fn__5824 0x17fede14 "clojure.core$partial$fn__5824@17fede14"] (gen/seqone index is 0
index is 1
index is 2
index is 3
index is 4
index is 5
index is 6
index is 7
index is 8
index is 9
index is 10
index is 11
index is 12
index is 13
index is 14
index is 15
index is 16
index is 17
index is 18
index is 19
index is 20
index is 21
index is 22
index is 23
index is 24
index is 25
index is 26
index is 27
index is 28
index is 29
index is 30
index is 31
(#object[jepsen.mongodb.ycsb.ycsb_generator$ycsb_read$fn__250 0x712ac7e6 "jepsen.mongodb.ycsb.ycsb_generator$ycsb_read$fn__250@712ac7e6"] #object[jepsen.mongodb.ycsb.ycsb_generator$ycsb_write$fn__253 0x86d6bf7 "jepsen.mongodb.ycsb.ycsb_generator$ycsb_write$fn__253@86d6bf7"] #object[jepsen.mongodb.ycsb.ycsb_generator$ycsb_read$fn__250 0x2fbe26da "jepsen.mongodb.ycsb.ycsb_generator$ycsb_read$fn__250@2fbe26da"] #object[jepsen.mongodb.ycsb.ycsb_generator$ycsb_read$fn__250 0x4ed15347 "jepsen.mongodb.ycsb.ycsb_generator$ycsb_read$fn__250@4ed15347"] #object[jepsen.mongodb.ycsb.ycsb_generator$ycsb_write$fn__253 0x6963b88c "jepsen.mongodb.ycsb.ycsb_generator$ycsb_write$fn__253@6963b88c"] #object[jepsen.mongodb.ycsb.ycsb_generator$ycsb_read$fn__250 0xab24484 "jepsen.mongodb.ycsb.ycsb_generator$ycsb_read$fn__250@ab24484"] #object[jepsen.mongodb.ycsb.ycsb_generator$ycsb_read$fn__250 0x54e43bfe "jepsen.mongodb.ycsb.ycsb_generator$ycsb_read$fn__250@54e43bfe"] #object[jepsen.mongodb.ycsb.ycsb_generator$ycsb_read$fn__250 0x106b014e "jepsen.mongodb.ycsb.ycsb_generator$ycsb_read$fn__250@106b014e"]))))])),
 :tarball
 "https://fastdl.mongodb.org/linux/mongodb-linux-x86_64-ubuntu1604-4.2.3.tgz",
 :write-counts 200,
 :os
 #object[jepsen.os.debian.Debian 0x343e225a "jepsen.os.debian.Debian@343e225a"],
 :time-limit 180,
 :chunk-size 64,
 :key-time-limit 100,
 :storage-engine "wiredTiger"}

2020-09-04 00:23:02,534{GMT}	INFO	[jepsen node 47.97.201.212] jepsen.os.debian: 47.97.201.212 setting up debian
2020-09-04 00:23:02,534{GMT}	INFO	[jepsen node 120.55.194.98] jepsen.os.debian: 120.55.194.98 setting up debian
2020-09-04 00:23:02,536{GMT}	INFO	[jepsen node 120.55.192.167] jepsen.os.debian: 120.55.192.167 setting up debian
2020-09-04 00:23:10,186{GMT}	INFO	[jepsen node 120.55.194.98] jepsen.os.debian: Installing #{libzip4}
2020-09-04 00:23:10,374{GMT}	INFO	[jepsen node 120.55.192.167] jepsen.os.debian: Installing #{libzip4}
2020-09-04 00:23:10,740{GMT}	INFO	[jepsen node 47.97.201.212] jepsen.os.debian: Installing #{libzip4}
2020-09-04 00:23:11,751{GMT}	WARN	[jepsen node 120.55.194.98] jepsen.control: Encountered error with conn [:control "120.55.194.98"]; reopening
java.lang.InterruptedException: sleep interrupted
	at java.lang.Thread.sleep(Native Method) [na:1.8.0_265]
	at clj_ssh.ssh$ssh_exec.invokeStatic(ssh.clj:690) ~[jepsen-0.1.17.jar:na]
	at clj_ssh.ssh$ssh_exec.invoke(ssh.clj:670) ~[jepsen-0.1.17.jar:na]
	at clj_ssh.ssh$ssh.invokeStatic(ssh.clj:723) ~[jepsen-0.1.17.jar:na]
	at clj_ssh.ssh$ssh.invoke(ssh.clj:699) ~[jepsen-0.1.17.jar:na]
	at jepsen.control.SSHRemote.execute_BANG_(control.clj:351) ~[jepsen-0.1.17.jar:na]
	at jepsen.control$ssh_STAR_$fn__2926.invoke(control.clj:172) [jepsen-0.1.17.jar:na]
	at jepsen.control$ssh_STAR_.invokeStatic(control.clj:172) [jepsen-0.1.17.jar:na]
	at jepsen.control$ssh_STAR_.invoke(control.clj:168) [jepsen-0.1.17.jar:na]
	at jepsen.control$exec_STAR_.invokeStatic(control.clj:194) [jepsen-0.1.17.jar:na]
	at jepsen.control$exec_STAR_.doInvoke(control.clj:191) [jepsen-0.1.17.jar:na]
	at clojure.lang.RestFn.applyTo(RestFn.java:137) [clojure-1.10.0.jar:na]
	at clojure.core$apply.invokeStatic(core.clj:665) [clojure-1.10.0.jar:na]
	at clojure.core$apply.invoke(core.clj:660) [clojure-1.10.0.jar:na]
	at jepsen.control$exec.invokeStatic(control.clj:210) [jepsen-0.1.17.jar:na]
	at jepsen.control$exec.doInvoke(control.clj:204) [jepsen-0.1.17.jar:na]
	at clojure.lang.RestFn.invoke(RestFn.java:436) [clojure-1.10.0.jar:na]
	at jepsen.net$reify__5424$fn__5426.invoke(net.clj:68) [jepsen-0.1.17.jar:na]
	at jepsen.control$on_nodes$fn__3036.invoke(control.clj:450) [jepsen-0.1.17.jar:na]
	at clojure.lang.AFn.applyToHelper(AFn.java:154) [clojure-1.10.0.jar:na]
	at clojure.lang.AFn.applyTo(AFn.java:144) [clojure-1.10.0.jar:na]
	at clojure.core$apply.invokeStatic(core.clj:665) [clojure-1.10.0.jar:na]
	at clojure.core$with_bindings_STAR_.invokeStatic(core.clj:1973) [clojure-1.10.0.jar:na]
	at clojure.core$with_bindings_STAR_.doInvoke(core.clj:1973) [clojure-1.10.0.jar:na]
	at clojure.lang.RestFn.applyTo(RestFn.java:142) [clojure-1.10.0.jar:na]
	at clojure.core$apply.invokeStatic(core.clj:669) [clojure-1.10.0.jar:na]
	at clojure.core$bound_fn_STAR_$fn__5734.doInvoke(core.clj:2003) [clojure-1.10.0.jar:na]
	at clojure.lang.RestFn.invoke(RestFn.java:408) [clojure-1.10.0.jar:na]
	at dom_top.core$real_pmap_helper$build_thread__214$fn__215.invoke(core.clj:146) [jepsen-0.1.17.jar:na]
	at clojure.lang.AFn.applyToHelper(AFn.java:152) [clojure-1.10.0.jar:na]
	at clojure.lang.AFn.applyTo(AFn.java:144) [clojure-1.10.0.jar:na]
	at clojure.core$apply.invokeStatic(core.clj:665) [clojure-1.10.0.jar:na]
	at clojure.core$with_bindings_STAR_.invokeStatic(core.clj:1973) [clojure-1.10.0.jar:na]
	at clojure.core$with_bindings_STAR_.doInvoke(core.clj:1973) [clojure-1.10.0.jar:na]
	at clojure.lang.RestFn.invoke(RestFn.java:425) [clojure-1.10.0.jar:na]
	at clojure.lang.AFn.applyToHelper(AFn.java:156) [clojure-1.10.0.jar:na]
	at clojure.lang.RestFn.applyTo(RestFn.java:132) [clojure-1.10.0.jar:na]
	at clojure.core$apply.invokeStatic(core.clj:669) [clojure-1.10.0.jar:na]
	at clojure.core$bound_fn_STAR_$fn__5734.doInvoke(core.clj:2003) [clojure-1.10.0.jar:na]
	at clojure.lang.RestFn.invoke(RestFn.java:397) [clojure-1.10.0.jar:na]
	at clojure.lang.AFn.run(AFn.java:22) [clojure-1.10.0.jar:na]
	at java.lang.Thread.run(Thread.java:748) [na:1.8.0_265]
2020-09-04 00:23:12,061{GMT}	WARN	[jepsen node 120.55.192.167] jepsen.control: Encountered error with conn [:control "120.55.192.167"]; reopening
com.jcraft.jsch.JSchException: Packet corrupt
	at com.jcraft.jsch.Session.start_discard(Session.java:1059) ~[jsch-0.1.53.jar:na]
	at com.jcraft.jsch.Session.read(Session.java:929) ~[jsch-0.1.53.jar:na]
	at com.jcraft.jsch.Session.connect(Session.java:309) ~[jsch-0.1.53.jar:na]
	at com.jcraft.jsch.Session.connect(Session.java:183) ~[jsch-0.1.53.jar:na]
	at clj_ssh.ssh$fn__2480.invokeStatic(ssh.clj:118) ~[jepsen-0.1.17.jar:na]
	at clj_ssh.ssh$fn__2480.invoke(ssh.clj:115) ~[jepsen-0.1.17.jar:na]
	at clj_ssh.ssh.protocols$fn__2438$G__2405__2447.invoke(protocols.clj:4) ~[jepsen-0.1.17.jar:na]
	at clj_ssh.ssh$connect.invokeStatic(ssh.clj:401) ~[jepsen-0.1.17.jar:na]
	at clj_ssh.ssh$connect.invoke(ssh.clj:397) ~[jepsen-0.1.17.jar:na]
	at clj_ssh.ssh$ssh.invokeStatic(ssh.clj:721) ~[jepsen-0.1.17.jar:na]
	at clj_ssh.ssh$ssh.invoke(ssh.clj:699) ~[jepsen-0.1.17.jar:na]
	at jepsen.control.SSHRemote.execute_BANG_(control.clj:351) ~[jepsen-0.1.17.jar:na]
	at jepsen.control$ssh_STAR_$fn__2926.invoke(control.clj:172) [jepsen-0.1.17.jar:na]
	at jepsen.control$ssh_STAR_.invokeStatic(control.clj:172) [jepsen-0.1.17.jar:na]
	at jepsen.control$ssh_STAR_.invoke(control.clj:168) [jepsen-0.1.17.jar:na]
	at jepsen.control$exec_STAR_.invokeStatic(control.clj:194) [jepsen-0.1.17.jar:na]
	at jepsen.control$exec_STAR_.doInvoke(control.clj:191) [jepsen-0.1.17.jar:na]
	at clojure.lang.RestFn.applyTo(RestFn.java:137) [clojure-1.10.0.jar:na]
	at clojure.core$apply.invokeStatic(core.clj:665) [clojure-1.10.0.jar:na]
	at clojure.core$apply.invoke(core.clj:660) [clojure-1.10.0.jar:na]
	at jepsen.control$exec.invokeStatic(control.clj:210) [jepsen-0.1.17.jar:na]
	at jepsen.control$exec.doInvoke(control.clj:204) [jepsen-0.1.17.jar:na]
	at clojure.lang.RestFn.invoke(RestFn.java:436) [clojure-1.10.0.jar:na]
	at jepsen.net$reify__5424$fn__5426.invoke(net.clj:68) [jepsen-0.1.17.jar:na]
	at jepsen.control$on_nodes$fn__3036.invoke(control.clj:450) [jepsen-0.1.17.jar:na]
	at clojure.lang.AFn.applyToHelper(AFn.java:154) [clojure-1.10.0.jar:na]
	at clojure.lang.AFn.applyTo(AFn.java:144) [clojure-1.10.0.jar:na]
	at clojure.core$apply.invokeStatic(core.clj:665) [clojure-1.10.0.jar:na]
	at clojure.core$with_bindings_STAR_.invokeStatic(core.clj:1973) [clojure-1.10.0.jar:na]
	at clojure.core$with_bindings_STAR_.doInvoke(core.clj:1973) [clojure-1.10.0.jar:na]
	at clojure.lang.RestFn.applyTo(RestFn.java:142) [clojure-1.10.0.jar:na]
	at clojure.core$apply.invokeStatic(core.clj:669) [clojure-1.10.0.jar:na]
	at clojure.core$bound_fn_STAR_$fn__5734.doInvoke(core.clj:2003) [clojure-1.10.0.jar:na]
	at clojure.lang.RestFn.invoke(RestFn.java:408) [clojure-1.10.0.jar:na]
	at dom_top.core$real_pmap_helper$build_thread__214$fn__215.invoke(core.clj:146) [jepsen-0.1.17.jar:na]
	at clojure.lang.AFn.applyToHelper(AFn.java:152) [clojure-1.10.0.jar:na]
	at clojure.lang.AFn.applyTo(AFn.java:144) [clojure-1.10.0.jar:na]
	at clojure.core$apply.invokeStatic(core.clj:665) [clojure-1.10.0.jar:na]
	at clojure.core$with_bindings_STAR_.invokeStatic(core.clj:1973) [clojure-1.10.0.jar:na]
	at clojure.core$with_bindings_STAR_.doInvoke(core.clj:1973) [clojure-1.10.0.jar:na]
	at clojure.lang.RestFn.invoke(RestFn.java:425) [clojure-1.10.0.jar:na]
	at clojure.lang.AFn.applyToHelper(AFn.java:156) [clojure-1.10.0.jar:na]
	at clojure.lang.RestFn.applyTo(RestFn.java:132) [clojure-1.10.0.jar:na]
	at clojure.core$apply.invokeStatic(core.clj:669) [clojure-1.10.0.jar:na]
	at clojure.core$bound_fn_STAR_$fn__5734.doInvoke(core.clj:2003) [clojure-1.10.0.jar:na]
	at clojure.lang.RestFn.invoke(RestFn.java:397) [clojure-1.10.0.jar:na]
	at clojure.lang.AFn.run(AFn.java:22) [clojure-1.10.0.jar:na]
	at java.lang.Thread.run(Thread.java:748) [na:1.8.0_265]
2020-09-04 00:23:12,290{GMT}	WARN	[jepsen node 47.97.201.212] jepsen.control: Encountered error with conn [:control "47.97.201.212"]; reopening
com.jcraft.jsch.JSchException: Packet corrupt
	at com.jcraft.jsch.Session.start_discard(Session.java:1059) ~[jsch-0.1.53.jar:na]
	at com.jcraft.jsch.Session.read(Session.java:929) ~[jsch-0.1.53.jar:na]
	at com.jcraft.jsch.Session.connect(Session.java:309) ~[jsch-0.1.53.jar:na]
	at com.jcraft.jsch.Session.connect(Session.java:183) ~[jsch-0.1.53.jar:na]
	at clj_ssh.ssh$fn__2480.invokeStatic(ssh.clj:118) ~[jepsen-0.1.17.jar:na]
	at clj_ssh.ssh$fn__2480.invoke(ssh.clj:115) ~[jepsen-0.1.17.jar:na]
	at clj_ssh.ssh.protocols$fn__2438$G__2405__2447.invoke(protocols.clj:4) ~[jepsen-0.1.17.jar:na]
	at clj_ssh.ssh$connect.invokeStatic(ssh.clj:401) ~[jepsen-0.1.17.jar:na]
	at clj_ssh.ssh$connect.invoke(ssh.clj:397) ~[jepsen-0.1.17.jar:na]
	at clj_ssh.ssh$ssh.invokeStatic(ssh.clj:721) ~[jepsen-0.1.17.jar:na]
	at clj_ssh.ssh$ssh.invoke(ssh.clj:699) ~[jepsen-0.1.17.jar:na]
	at jepsen.control.SSHRemote.execute_BANG_(control.clj:351) ~[jepsen-0.1.17.jar:na]
	at jepsen.control$ssh_STAR_$fn__2926.invoke(control.clj:172) [jepsen-0.1.17.jar:na]
	at jepsen.control$ssh_STAR_.invokeStatic(control.clj:172) [jepsen-0.1.17.jar:na]
	at jepsen.control$ssh_STAR_.invoke(control.clj:168) [jepsen-0.1.17.jar:na]
	at jepsen.control$exec_STAR_.invokeStatic(control.clj:194) [jepsen-0.1.17.jar:na]
	at jepsen.control$exec_STAR_.doInvoke(control.clj:191) [jepsen-0.1.17.jar:na]
	at clojure.lang.RestFn.applyTo(RestFn.java:137) [clojure-1.10.0.jar:na]
	at clojure.core$apply.invokeStatic(core.clj:665) [clojure-1.10.0.jar:na]
	at clojure.core$apply.invoke(core.clj:660) [clojure-1.10.0.jar:na]
	at jepsen.control$exec.invokeStatic(control.clj:210) [jepsen-0.1.17.jar:na]
	at jepsen.control$exec.doInvoke(control.clj:204) [jepsen-0.1.17.jar:na]
	at clojure.lang.RestFn.invoke(RestFn.java:436) [clojure-1.10.0.jar:na]
	at jepsen.net$reify__5424$fn__5426.invoke(net.clj:68) [jepsen-0.1.17.jar:na]
	at jepsen.control$on_nodes$fn__3036.invoke(control.clj:450) [jepsen-0.1.17.jar:na]
	at clojure.lang.AFn.applyToHelper(AFn.java:154) [clojure-1.10.0.jar:na]
	at clojure.lang.AFn.applyTo(AFn.java:144) [clojure-1.10.0.jar:na]
	at clojure.core$apply.invokeStatic(core.clj:665) [clojure-1.10.0.jar:na]
	at clojure.core$with_bindings_STAR_.invokeStatic(core.clj:1973) [clojure-1.10.0.jar:na]
	at clojure.core$with_bindings_STAR_.doInvoke(core.clj:1973) [clojure-1.10.0.jar:na]
	at clojure.lang.RestFn.applyTo(RestFn.java:142) [clojure-1.10.0.jar:na]
	at clojure.core$apply.invokeStatic(core.clj:669) [clojure-1.10.0.jar:na]
	at clojure.core$bound_fn_STAR_$fn__5734.doInvoke(core.clj:2003) [clojure-1.10.0.jar:na]
	at clojure.lang.RestFn.invoke(RestFn.java:408) [clojure-1.10.0.jar:na]
	at dom_top.core$real_pmap_helper$build_thread__214$fn__215.invoke(core.clj:146) [jepsen-0.1.17.jar:na]
	at clojure.lang.AFn.applyToHelper(AFn.java:152) [clojure-1.10.0.jar:na]
	at clojure.lang.AFn.applyTo(AFn.java:144) [clojure-1.10.0.jar:na]
	at clojure.core$apply.invokeStatic(core.clj:665) [clojure-1.10.0.jar:na]
	at clojure.core$with_bindings_STAR_.invokeStatic(core.clj:1973) [clojure-1.10.0.jar:na]
	at clojure.core$with_bindings_STAR_.doInvoke(core.clj:1973) [clojure-1.10.0.jar:na]
	at clojure.lang.RestFn.invoke(RestFn.java:425) [clojure-1.10.0.jar:na]
	at clojure.lang.AFn.applyToHelper(AFn.java:156) [clojure-1.10.0.jar:na]
	at clojure.lang.RestFn.applyTo(RestFn.java:132) [clojure-1.10.0.jar:na]
	at clojure.core$apply.invokeStatic(core.clj:669) [clojure-1.10.0.jar:na]
	at clojure.core$bound_fn_STAR_$fn__5734.doInvoke(core.clj:2003) [clojure-1.10.0.jar:na]
	at clojure.lang.RestFn.invoke(RestFn.java:397) [clojure-1.10.0.jar:na]
	at clojure.lang.AFn.run(AFn.java:22) [clojure-1.10.0.jar:na]
	at java.lang.Thread.run(Thread.java:748) [na:1.8.0_265]
2020-09-04 00:23:14,237{GMT}	INFO	[jepsen test runner] jepsen.db: Tearing down DB
2020-09-04 00:23:14,359{GMT}	INFO	[jepsen node 120.55.194.98] jepsen.control.util: Stopping /opt/mongodb/120.55.194.98/mongos.pid
2020-09-04 00:23:14,363{GMT}	INFO	[jepsen node 47.97.201.212] jepsen.control.util: Stopping /opt/mongodb/47.97.201.212/mongos.pid
2020-09-04 00:23:14,458{GMT}	INFO	[jepsen node 120.55.192.167] jepsen.control.util: Stopping /opt/mongodb/120.55.192.167/mongos.pid
2020-09-04 00:23:14,820{GMT}	INFO	[jepsen node 47.97.201.212] jepsen.control.util: Stopping /opt/mongodb/47.97.201.212/mongod-configsvr.pid
2020-09-04 00:23:14,823{GMT}	INFO	[jepsen node 120.55.194.98] jepsen.control.util: Stopping /opt/mongodb/120.55.194.98/mongod-configsvr.pid
2020-09-04 00:23:14,916{GMT}	INFO	[jepsen node 120.55.192.167] jepsen.control.util: Stopping /opt/mongodb/120.55.192.167/mongod-configsvr.pid
2020-09-04 00:23:15,277{GMT}	INFO	[jepsen node 47.97.201.212] jepsen.control.util: Stopping /opt/mongodb/47.97.201.212/mongod-shardsvr0.pid
2020-09-04 00:23:15,673{GMT}	INFO	[jepsen node 120.55.192.167] jepsen.control.util: Stopping /opt/mongodb/120.55.192.167/mongod-shardsvr0.pid
2020-09-04 00:23:15,682{GMT}	INFO	[jepsen node 120.55.194.98] jepsen.control.util: Stopping /opt/mongodb/120.55.194.98/mongod-shardsvr0.pid
2020-09-04 00:23:15,733{GMT}	INFO	[jepsen node 47.97.201.212] jepsen.control.util: Stopping /opt/mongodb/47.97.201.212/mongod-shardsvr1.pid
2020-09-04 00:23:16,128{GMT}	INFO	[jepsen node 120.55.192.167] jepsen.control.util: Stopping /opt/mongodb/120.55.192.167/mongod-shardsvr1.pid
2020-09-04 00:23:16,139{GMT}	INFO	[jepsen node 120.55.194.98] jepsen.control.util: Stopping /opt/mongodb/120.55.194.98/mongod-shardsvr1.pid
2020-09-04 00:23:16,490{GMT}	INFO	[jepsen test runner] jepsen.db: Setting up DB
2020-09-04 00:23:16,627{GMT}	INFO	[clojure-agent-send-off-pool-0] jepsen.os.debian: Installing #{libc++1 libsnmp30}
2020-09-04 00:23:16,631{GMT}	INFO	[clojure-agent-send-off-pool-2] jepsen.os.debian: Installing #{libc++1 libsnmp30}
2020-09-04 00:23:16,634{GMT}	INFO	[clojure-agent-send-off-pool-1] jepsen.os.debian: Installing #{libc++1 libsnmp30}
2020-09-04 00:23:27,415{GMT}	WARN	[clojure-agent-send-off-pool-1] jepsen.control: Encountered error with conn [:control "47.97.201.212"]; reopening
java.lang.InterruptedException: sleep interrupted
	at java.lang.Thread.sleep(Native Method) [na:1.8.0_265]
	at clj_ssh.ssh$ssh_exec.invokeStatic(ssh.clj:690) ~[jepsen-0.1.17.jar:na]
	at clj_ssh.ssh$ssh_exec.invoke(ssh.clj:670) ~[jepsen-0.1.17.jar:na]
	at clj_ssh.ssh$ssh.invokeStatic(ssh.clj:723) ~[jepsen-0.1.17.jar:na]
	at clj_ssh.ssh$ssh.invoke(ssh.clj:699) ~[jepsen-0.1.17.jar:na]
	at jepsen.control.SSHRemote.execute_BANG_(control.clj:351) ~[jepsen-0.1.17.jar:na]
	at jepsen.control$ssh_STAR_$fn__2926.invoke(control.clj:172) [jepsen-0.1.17.jar:na]
	at jepsen.control$ssh_STAR_.invokeStatic(control.clj:172) [jepsen-0.1.17.jar:na]
	at jepsen.control$ssh_STAR_.invoke(control.clj:168) [jepsen-0.1.17.jar:na]
	at jepsen.control$exec_STAR_.invokeStatic(control.clj:194) [jepsen-0.1.17.jar:na]
	at jepsen.control$exec_STAR_.doInvoke(control.clj:191) [jepsen-0.1.17.jar:na]
	at clojure.lang.RestFn.applyTo(RestFn.java:137) [clojure-1.10.0.jar:na]
	at clojure.core$apply.invokeStatic(core.clj:665) [clojure-1.10.0.jar:na]
	at clojure.core$apply.invoke(core.clj:660) [clojure-1.10.0.jar:na]
	at jepsen.control$exec.invokeStatic(control.clj:210) [jepsen-0.1.17.jar:na]
	at jepsen.control$exec.doInvoke(control.clj:204) [jepsen-0.1.17.jar:na]
	at clojure.lang.RestFn.invoke(RestFn.java:512) [clojure-1.10.0.jar:na]
	at jepsen.mongodb.dbutil$install_remote_tarball_BANG_.invokeStatic(dbutil.clj:78) [classes/:na]
	at jepsen.mongodb.dbutil$install_remote_tarball_BANG_.invoke(dbutil.clj:64) [classes/:na]
	at jepsen.mongodb.dbutil$install_binaries_BANG_.invokeStatic(dbutil.clj:114) [classes/:na]
	at jepsen.mongodb.dbutil$install_binaries_BANG_.invoke(dbutil.clj:91) [classes/:na]
	at jepsen.mongodb.dbutil$install_BANG_$fn__795.invoke(dbutil.clj:125) [classes/:na]
	at jepsen.mongodb.dbutil$install_BANG_.invokeStatic(dbutil.clj:125) [classes/:na]
	at jepsen.mongodb.dbutil$install_BANG_.invoke(dbutil.clj:116) [classes/:na]
	at jepsen.mongodb.sharded$db$reify__463$fn__464.invoke(sharded.clj:192) [classes/:na]
	at clojure.core$binding_conveyor_fn$fn__5739.invoke(core.clj:2030) [clojure-1.10.0.jar:na]
	at clojure.lang.AFn.call(AFn.java:18) [clojure-1.10.0.jar:na]
	at java.util.concurrent.FutureTask.run(FutureTask.java:266) [na:1.8.0_265]
	at java.util.concurrent.ThreadPoolExecutor.runWorker(ThreadPoolExecutor.java:1149) [na:1.8.0_265]
	at java.util.concurrent.ThreadPoolExecutor$Worker.run(ThreadPoolExecutor.java:624) [na:1.8.0_265]
	at java.lang.Thread.run(Thread.java:748) [na:1.8.0_265]
2020-09-04 00:23:27,415{GMT}	WARN	[clojure-agent-send-off-pool-0] jepsen.control: Encountered error with conn [:control "120.55.194.98"]; reopening
java.lang.InterruptedException: sleep interrupted
	at java.lang.Thread.sleep(Native Method) [na:1.8.0_265]
	at clj_ssh.ssh$ssh_exec.invokeStatic(ssh.clj:690) ~[jepsen-0.1.17.jar:na]
	at clj_ssh.ssh$ssh_exec.invoke(ssh.clj:670) ~[jepsen-0.1.17.jar:na]
	at clj_ssh.ssh$ssh.invokeStatic(ssh.clj:723) ~[jepsen-0.1.17.jar:na]
	at clj_ssh.ssh$ssh.invoke(ssh.clj:699) ~[jepsen-0.1.17.jar:na]
	at jepsen.control.SSHRemote.execute_BANG_(control.clj:351) ~[jepsen-0.1.17.jar:na]
	at jepsen.control$ssh_STAR_$fn__2926.invoke(control.clj:172) [jepsen-0.1.17.jar:na]
	at jepsen.control$ssh_STAR_.invokeStatic(control.clj:172) [jepsen-0.1.17.jar:na]
	at jepsen.control$ssh_STAR_.invoke(control.clj:168) [jepsen-0.1.17.jar:na]
	at jepsen.control$exec_STAR_.invokeStatic(control.clj:194) [jepsen-0.1.17.jar:na]
	at jepsen.control$exec_STAR_.doInvoke(control.clj:191) [jepsen-0.1.17.jar:na]
	at clojure.lang.RestFn.applyTo(RestFn.java:137) [clojure-1.10.0.jar:na]
	at clojure.core$apply.invokeStatic(core.clj:665) [clojure-1.10.0.jar:na]
	at clojure.core$apply.invoke(core.clj:660) [clojure-1.10.0.jar:na]
	at jepsen.control$exec.invokeStatic(control.clj:210) [jepsen-0.1.17.jar:na]
	at jepsen.control$exec.doInvoke(control.clj:204) [jepsen-0.1.17.jar:na]
	at clojure.lang.RestFn.invoke(RestFn.java:512) [clojure-1.10.0.jar:na]
	at jepsen.mongodb.dbutil$install_remote_tarball_BANG_.invokeStatic(dbutil.clj:78) [classes/:na]
	at jepsen.mongodb.dbutil$install_remote_tarball_BANG_.invoke(dbutil.clj:64) [classes/:na]
	at jepsen.mongodb.dbutil$install_binaries_BANG_.invokeStatic(dbutil.clj:114) [classes/:na]
	at jepsen.mongodb.dbutil$install_binaries_BANG_.invoke(dbutil.clj:91) [classes/:na]
	at jepsen.mongodb.dbutil$install_BANG_$fn__795.invoke(dbutil.clj:125) [classes/:na]
	at jepsen.mongodb.dbutil$install_BANG_.invokeStatic(dbutil.clj:125) [classes/:na]
	at jepsen.mongodb.dbutil$install_BANG_.invoke(dbutil.clj:116) [classes/:na]
	at jepsen.mongodb.sharded$db$reify__463$fn__464.invoke(sharded.clj:192) [classes/:na]
	at clojure.core$binding_conveyor_fn$fn__5739.invoke(core.clj:2030) [clojure-1.10.0.jar:na]
	at clojure.lang.AFn.call(AFn.java:18) [clojure-1.10.0.jar:na]
	at java.util.concurrent.FutureTask.run(FutureTask.java:266) [na:1.8.0_265]
	at java.util.concurrent.ThreadPoolExecutor.runWorker(ThreadPoolExecutor.java:1149) [na:1.8.0_265]
	at java.util.concurrent.ThreadPoolExecutor$Worker.run(ThreadPoolExecutor.java:624) [na:1.8.0_265]
	at java.lang.Thread.run(Thread.java:748) [na:1.8.0_265]
2020-09-04 00:23:27,758{GMT}	WARN	[main] jepsen.core: Test crashed!
java.lang.IllegalArgumentException: Cannot open <nil> as a Reader.
	at clojure.java.io$fn__11490.invokeStatic(io.clj:288) ~[clojure-1.10.0.jar:na]
	at clojure.java.io$fn__11490.invoke(io.clj:288) ~[clojure-1.10.0.jar:na]
	at clojure.java.io$fn__11392$G__11368__11399.invoke(io.clj:69) ~[clojure-1.10.0.jar:na]
	at clojure.java.io$reader.invokeStatic(io.clj:102) ~[clojure-1.10.0.jar:na]
	at clojure.java.io$reader.doInvoke(io.clj:86) ~[clojure-1.10.0.jar:na]
	at clojure.lang.RestFn.invoke(RestFn.java:410) ~[clojure-1.10.0.jar:na]
	at clojure.lang.AFn.applyToHelper(AFn.java:154) ~[clojure-1.10.0.jar:na]
	at clojure.lang.RestFn.applyTo(RestFn.java:132) ~[clojure-1.10.0.jar:na]
	at clojure.core$apply.invokeStatic(core.clj:667) ~[clojure-1.10.0.jar:na]
	at clojure.core$slurp.invokeStatic(core.clj:6942) ~[clojure-1.10.0.jar:na]
	at clojure.core$slurp.doInvoke(core.clj:6942) ~[clojure-1.10.0.jar:na]
	at clojure.lang.RestFn.invoke(RestFn.java:410) ~[clojure-1.10.0.jar:na]
	at jepsen.mongodb.sharded$init_configsvr_BANG_.invokeStatic(sharded.clj:120) ~[classes/:na]
	at jepsen.mongodb.sharded$init_configsvr_BANG_.invoke(sharded.clj:116) ~[classes/:na]
	at jepsen.mongodb.sharded$db$reify__463$fn__464.invoke(sharded.clj:198) ~[classes/:na]
	at clojure.core$binding_conveyor_fn$fn__5739.invoke(core.clj:2030) ~[clojure-1.10.0.jar:na]
	at clojure.lang.AFn.call(AFn.java:18) ~[clojure-1.10.0.jar:na]
	at java.util.concurrent.FutureTask.run(FutureTask.java:266) ~[na:1.8.0_265]
	at java.util.concurrent.ThreadPoolExecutor.runWorker(ThreadPoolExecutor.java:1149) ~[na:1.8.0_265]
	at java.util.concurrent.ThreadPoolExecutor$Worker.run(ThreadPoolExecutor.java:624) ~[na:1.8.0_265]
	at java.lang.Thread.run(Thread.java:748) ~[na:1.8.0_265]
