2020-09-04 00:28:11,648{GMT}	INFO	[jepsen test runner] jepsen.core: Running test:
 {:clients-per-key 5,
 :remote {:session nil},
 :read-concern :majority,
 :concurrency 100,
 :protocol-version 1,
 :db
 #object[jepsen.mongodb.sharded$db$reify__463 0x70029d2d "jepsen.mongodb.sharded$db$reify__463@70029d2d"],
 :working-dir "/opt/mongodb",
 :leave-db-running? true,
 :name
 "mongo-causal-register-wc-:majority-rc-:majority-ti-180-sd-2-cry-100-wn-200-rn-200-cpk-5-node-failure",
 :write-concern :majority,
 :start-time
 #object[org.joda.time.DateTime 0x1903b5d "2020-09-04T00:28:11.000+08:00"],
 :username "mongodb",
 :net
 #object[jepsen.net$reify__5424 0x7a687d8d "jepsen.net$reify__5424@7a687d8d"],
 :client
 {:db-name "jepsen",
  :coll-name "causal-register",
  :read-concern :majority,
  :write-concern :majority,
  :secondary-ok? nil,
  :client nil,
  :coll nil,
  :session nil,
  :last-optime nil},
 :read-counts 200,
 :barrier
 #object[java.util.concurrent.CyclicBarrier 0xe29f4f6 "java.util.concurrent.CyclicBarrier@e29f4f6"],
 :virt :vm,
 :ssh
 {:username "root",
  :password "XR.123456",
  :strict-host-key-checking false,
  :private-key-path nil},
 :shard-count 2,
 :checker
 #object[jepsen.checker$compose$reify__4964 0x5974b233 "jepsen.checker$compose$reify__4964@5974b233"],
 :nemesis
 #object[jepsen.nemesis$reify__5525 0xcfd1075 "jepsen.nemesis$reify__5525@cfd1075"],
 :bridge
 {"120.55.194.98" "120.55.194.98:27117",
  "120.55.192.167" "120.55.192.167:27117",
  "47.97.201.212" "47.97.201.212:27117"},
 :active-histories #<Atom@42507640: #{}>,
 :nodes ["120.55.194.98" "120.55.192.167" "47.97.201.212"],
 :test-count 1,
 :generator
 (gen/timelimit 180 (gen/concat [(gen/on #{:nemesis} (gen/seqone ((gen/delayfn #object[clojure.core$constantly$fn__5657 0x3e33b52e "clojure.core$constantly$fn__5657@3e33b52e"] (gen/gvoid)) (gen/delayfn #object[clojure.core$constantly$fn__5657 0x3e33b52e "clojure.core$constantly$fn__5657@3e33b52e"] (gen/gvoid)) (gen/delayfn #object[clojure.core$constantly$fn__5657 0x3e33b52e "clojure.core$constantly$fn__5657@3e33b52e"] (gen/gvoid)) (gen/delayfn #object[clojure.core$constantly$fn__5657 0x3e33b52e "clojure.core$constantly$fn__5657@3e33b52e"] (gen/gvoid)) (gen/delayfn #object[clojure.core$constantly$fn__5657 0x3e33b52e "clojure.core$constantly$fn__5657@3e33b52e"] (gen/gvoid)) (gen/delayfn #object[clojure.core$constantly$fn__5657 0x3e33b52e "clojure.core$constantly$fn__5657@3e33b52e"] (gen/gvoid)) (gen/delayfn #object[clojure.core$constantly$fn__5657 0x3e33b52e "clojure.core$constantly$fn__5657@3e33b52e"] (gen/gvoid)) (gen/delayfn #object[clojure.core$constantly$fn__5657 0x3e33b52e "clojure.core$constantly$fn__5657@3e33b52e"] (gen/gvoid))))) (gen/on #object[clojure.core$complement$fn__5654 0x3aed69dd "clojure.core$complement$fn__5654@3aed69dd"] (gen/delayfn #object[clojure.core$partial$fn__5824 0x3f1a9a53 "clojure.core$partial$fn__5824@3f1a9a53"] (gen/seqone index is 0
index is 1
index is 2
value is 1982
index is 3
index is 4
value is 1981
index is 5
index is 6
value is 1980
index is 7
value is 1979
index is 8
index is 9
value is 1978
index is 10
index is 11
index is 12
value is 1977
index is 13
value is 1976
index is 14
index is 15
value is 1975
index is 16
index is 17
index is 18
index is 19
index is 20
index is 21
index is 22
value is 1974
index is 23
value is 1973
index is 24
index is 25
value is 1972
index is 26
index is 27
index is 28
value is 1971
index is 29
index is 30
index is 31
value is 1970
(#object[jepsen.mongodb.causal$ycsb_read$fn__356 0x1ca3d25b "jepsen.mongodb.causal$ycsb_read$fn__356@1ca3d25b"] #object[jepsen.mongodb.causal$ycsb_read$fn__356 0x2287395 "jepsen.mongodb.causal$ycsb_read$fn__356@2287395"] #object[jepsen.mongodb.causal$ycsb_write$fn__359 0x535a518c "jepsen.mongodb.causal$ycsb_write$fn__359@535a518c"] #object[jepsen.mongodb.causal$ycsb_read$fn__356 0x38f981b6 "jepsen.mongodb.causal$ycsb_read$fn__356@38f981b6"] #object[jepsen.mongodb.causal$ycsb_write$fn__359 0x3a4aadf8 "jepsen.mongodb.causal$ycsb_write$fn__359@3a4aadf8"] #object[jepsen.mongodb.causal$ycsb_read$fn__356 0x7bbfc5ff "jepsen.mongodb.causal$ycsb_read$fn__356@7bbfc5ff"] #object[jepsen.mongodb.causal$ycsb_write$fn__359 0x7a682d35 "jepsen.mongodb.causal$ycsb_write$fn__359@7a682d35"] #object[jepsen.mongodb.causal$ycsb_write$fn__359 0xee8e7ff "jepsen.mongodb.causal$ycsb_write$fn__359@ee8e7ff"]))))])),
 :tarball
 "https://fastdl.mongodb.org/linux/mongodb-linux-x86_64-ubuntu1604-4.2.3.tgz",
 :write-counts 200,
 :os
 #object[jepsen.os.debian.Debian 0x6f8e9d06 "jepsen.os.debian.Debian@6f8e9d06"],
 :time-limit 180,
 :chunk-size 64,
 :key-time-limit 100,
 :storage-engine "wiredTiger"}

2020-09-04 00:28:13,363{GMT}	INFO	[jepsen node 47.97.201.212] jepsen.os.debian: 47.97.201.212 setting up debian
2020-09-04 00:28:13,363{GMT}	INFO	[jepsen node 120.55.194.98] jepsen.os.debian: 120.55.194.98 setting up debian
2020-09-04 00:28:13,363{GMT}	INFO	[jepsen node 120.55.192.167] jepsen.os.debian: 120.55.192.167 setting up debian
2020-09-04 00:28:14,152{GMT}	INFO	[jepsen node 120.55.194.98] jepsen.os.debian: Installing #{libzip4}
2020-09-04 00:28:14,199{GMT}	INFO	[jepsen node 47.97.201.212] jepsen.os.debian: Installing #{libzip4}
2020-09-04 00:28:14,225{GMT}	INFO	[jepsen node 120.55.192.167] jepsen.os.debian: Installing #{libzip4}
2020-09-04 00:28:15,534{GMT}	INFO	[jepsen test runner] jepsen.db: Tearing down DB
2020-09-04 00:28:16,021{GMT}	INFO	[jepsen test runner] jepsen.db: Setting up DB
2020-09-04 00:28:16,169{GMT}	INFO	[clojure-agent-send-off-pool-1] jepsen.os.debian: Installing #{libc++1 libsnmp30}
2020-09-04 00:28:16,172{GMT}	INFO	[clojure-agent-send-off-pool-0] jepsen.os.debian: Installing #{libc++1 libsnmp30}
2020-09-04 00:28:16,175{GMT}	INFO	[clojure-agent-send-off-pool-2] jepsen.os.debian: Installing #{libc++1 libsnmp30}
2020-09-04 00:28:20,770{GMT}	WARN	[clojure-agent-send-off-pool-0] jepsen.control: Encountered error with conn [:control "47.97.201.212"]; reopening
java.lang.InterruptedException: sleep interrupted
	at java.lang.Thread.sleep(Native Method) [na:1.8.0_265]
	at clj_ssh.ssh$ssh_exec.invokeStatic(ssh.clj:690) ~[jepsen-0.1.17.jar:na]
	at clj_ssh.ssh$ssh_exec.invoke(ssh.clj:670) ~[jepsen-0.1.17.jar:na]
	at clj_ssh.ssh$ssh.invokeStatic(ssh.clj:723) ~[jepsen-0.1.17.jar:na]
	at clj_ssh.ssh$ssh.invoke(ssh.clj:699) ~[jepsen-0.1.17.jar:na]
	at jepsen.control.SSHRemote.execute_BANG_(control.clj:351) ~[jepsen-0.1.17.jar:na]
	at jepsen.control$ssh_STAR_$fn__2926.invoke(control.clj:172) [jepsen-0.1.17.jar:na]
	at jepsen.control$ssh_STAR_.invokeStatic(control.clj:172) [jepsen-0.1.17.jar:na]
	at jepsen.control$ssh_STAR_.invoke(control.clj:168) [jepsen-0.1.17.jar:na]
	at jepsen.control$exec_STAR_.invokeStatic(control.clj:194) [jepsen-0.1.17.jar:na]
	at jepsen.control$exec_STAR_.doInvoke(control.clj:191) [jepsen-0.1.17.jar:na]
	at clojure.lang.RestFn.applyTo(RestFn.java:137) [clojure-1.10.0.jar:na]
	at clojure.core$apply.invokeStatic(core.clj:665) [clojure-1.10.0.jar:na]
	at clojure.core$apply.invoke(core.clj:660) [clojure-1.10.0.jar:na]
	at jepsen.control$exec.invokeStatic(control.clj:210) [jepsen-0.1.17.jar:na]
	at jepsen.control$exec.doInvoke(control.clj:204) [jepsen-0.1.17.jar:na]
	at clojure.lang.RestFn.invoke(RestFn.java:457) [clojure-1.10.0.jar:na]
	at jepsen.mongodb.dbutil$install_BANG_.invokeStatic(dbutil.clj:130) [classes/:na]
	at jepsen.mongodb.dbutil$install_BANG_.invoke(dbutil.clj:116) [classes/:na]
	at jepsen.mongodb.sharded$db$reify__463$fn__464.invoke(sharded.clj:192) [classes/:na]
	at clojure.core$binding_conveyor_fn$fn__5739.invoke(core.clj:2030) [clojure-1.10.0.jar:na]
	at clojure.lang.AFn.call(AFn.java:18) [clojure-1.10.0.jar:na]
	at java.util.concurrent.FutureTask.run(FutureTask.java:266) [na:1.8.0_265]
	at java.util.concurrent.ThreadPoolExecutor.runWorker(ThreadPoolExecutor.java:1149) [na:1.8.0_265]
	at java.util.concurrent.ThreadPoolExecutor$Worker.run(ThreadPoolExecutor.java:624) [na:1.8.0_265]
	at java.lang.Thread.run(Thread.java:748) [na:1.8.0_265]
2020-09-04 00:28:20,774{GMT}	WARN	[clojure-agent-send-off-pool-1] jepsen.control: Encountered error with conn [:control "120.55.194.98"]; reopening
java.lang.InterruptedException: sleep interrupted
	at java.lang.Thread.sleep(Native Method) [na:1.8.0_265]
	at clj_ssh.ssh$ssh_exec.invokeStatic(ssh.clj:690) ~[jepsen-0.1.17.jar:na]
	at clj_ssh.ssh$ssh_exec.invoke(ssh.clj:670) ~[jepsen-0.1.17.jar:na]
	at clj_ssh.ssh$ssh.invokeStatic(ssh.clj:723) ~[jepsen-0.1.17.jar:na]
	at clj_ssh.ssh$ssh.invoke(ssh.clj:699) ~[jepsen-0.1.17.jar:na]
	at jepsen.control.SSHRemote.execute_BANG_(control.clj:351) ~[jepsen-0.1.17.jar:na]
	at jepsen.control$ssh_STAR_$fn__2926.invoke(control.clj:172) [jepsen-0.1.17.jar:na]
	at jepsen.control$ssh_STAR_.invokeStatic(control.clj:172) [jepsen-0.1.17.jar:na]
	at jepsen.control$ssh_STAR_.invoke(control.clj:168) [jepsen-0.1.17.jar:na]
	at jepsen.control$exec_STAR_.invokeStatic(control.clj:194) [jepsen-0.1.17.jar:na]
	at jepsen.control$exec_STAR_.doInvoke(control.clj:191) [jepsen-0.1.17.jar:na]
	at clojure.lang.RestFn.applyTo(RestFn.java:137) [clojure-1.10.0.jar:na]
	at clojure.core$apply.invokeStatic(core.clj:665) [clojure-1.10.0.jar:na]
	at clojure.core$apply.invoke(core.clj:660) [clojure-1.10.0.jar:na]
	at jepsen.control$exec.invokeStatic(control.clj:210) [jepsen-0.1.17.jar:na]
	at jepsen.control$exec.doInvoke(control.clj:204) [jepsen-0.1.17.jar:na]
	at clojure.lang.RestFn.invoke(RestFn.java:512) [clojure-1.10.0.jar:na]
	at jepsen.mongodb.dbutil$install_remote_tarball_BANG_.invokeStatic(dbutil.clj:78) [classes/:na]
	at jepsen.mongodb.dbutil$install_remote_tarball_BANG_.invoke(dbutil.clj:64) [classes/:na]
	at jepsen.mongodb.dbutil$install_binaries_BANG_.invokeStatic(dbutil.clj:114) [classes/:na]
	at jepsen.mongodb.dbutil$install_binaries_BANG_.invoke(dbutil.clj:91) [classes/:na]
	at jepsen.mongodb.dbutil$install_BANG_$fn__795.invoke(dbutil.clj:125) [classes/:na]
	at jepsen.mongodb.dbutil$install_BANG_.invokeStatic(dbutil.clj:125) [classes/:na]
	at jepsen.mongodb.dbutil$install_BANG_.invoke(dbutil.clj:116) [classes/:na]
	at jepsen.mongodb.sharded$db$reify__463$fn__464.invoke(sharded.clj:192) [classes/:na]
	at clojure.core$binding_conveyor_fn$fn__5739.invoke(core.clj:2030) [clojure-1.10.0.jar:na]
	at clojure.lang.AFn.call(AFn.java:18) [clojure-1.10.0.jar:na]
	at java.util.concurrent.FutureTask.run(FutureTask.java:266) [na:1.8.0_265]
	at java.util.concurrent.ThreadPoolExecutor.runWorker(ThreadPoolExecutor.java:1149) [na:1.8.0_265]
	at java.util.concurrent.ThreadPoolExecutor$Worker.run(ThreadPoolExecutor.java:624) [na:1.8.0_265]
	at java.lang.Thread.run(Thread.java:748) [na:1.8.0_265]
2020-09-04 00:28:21,132{GMT}	WARN	[main] jepsen.core: Test crashed!
java.lang.IllegalArgumentException: Cannot open <nil> as a Reader.
	at clojure.java.io$fn__11490.invokeStatic(io.clj:288) ~[clojure-1.10.0.jar:na]
	at clojure.java.io$fn__11490.invoke(io.clj:288) ~[clojure-1.10.0.jar:na]
	at clojure.java.io$fn__11392$G__11368__11399.invoke(io.clj:69) ~[clojure-1.10.0.jar:na]
	at clojure.java.io$reader.invokeStatic(io.clj:102) ~[clojure-1.10.0.jar:na]
	at clojure.java.io$reader.doInvoke(io.clj:86) ~[clojure-1.10.0.jar:na]
	at clojure.lang.RestFn.invoke(RestFn.java:410) ~[clojure-1.10.0.jar:na]
	at clojure.lang.AFn.applyToHelper(AFn.java:154) ~[clojure-1.10.0.jar:na]
	at clojure.lang.RestFn.applyTo(RestFn.java:132) ~[clojure-1.10.0.jar:na]
	at clojure.core$apply.invokeStatic(core.clj:667) ~[clojure-1.10.0.jar:na]
	at clojure.core$slurp.invokeStatic(core.clj:6942) ~[clojure-1.10.0.jar:na]
	at clojure.core$slurp.doInvoke(core.clj:6942) ~[clojure-1.10.0.jar:na]
	at clojure.lang.RestFn.invoke(RestFn.java:410) ~[clojure-1.10.0.jar:na]
	at jepsen.mongodb.sharded$init_configsvr_BANG_.invokeStatic(sharded.clj:120) ~[classes/:na]
	at jepsen.mongodb.sharded$init_configsvr_BANG_.invoke(sharded.clj:116) ~[classes/:na]
	at jepsen.mongodb.sharded$db$reify__463$fn__464.invoke(sharded.clj:198) ~[classes/:na]
	at clojure.core$binding_conveyor_fn$fn__5739.invoke(core.clj:2030) ~[clojure-1.10.0.jar:na]
	at clojure.lang.AFn.call(AFn.java:18) ~[clojure-1.10.0.jar:na]
	at java.util.concurrent.FutureTask.run(FutureTask.java:266) ~[na:1.8.0_265]
	at java.util.concurrent.ThreadPoolExecutor.runWorker(ThreadPoolExecutor.java:1149) ~[na:1.8.0_265]
	at java.util.concurrent.ThreadPoolExecutor$Worker.run(ThreadPoolExecutor.java:624) ~[na:1.8.0_265]
	at java.lang.Thread.run(Thread.java:748) ~[na:1.8.0_265]
